<?xml version="1.0" encoding="UTF-8"?>
<coverage generated="1573799229504" clover="3.2.0">
  <project timestamp="1573799229505" name="All files">
    <metrics statements="16" coveredstatements="14" conditionals="0" coveredconditionals="0" methods="3" coveredmethods="1" elements="19" coveredelements="15" complexity="0" loc="16" ncloc="16" packages="1" files="3" classes="3"/>
    <file name="AddToDo.js" path="/Users/jang-yunjeong/NotCloud/TDDRN/src/AddToDo.js">
      <metrics statements="4" coveredstatements="3" conditionals="0" coveredconditionals="0" methods="1" coveredmethods="0"/>
      <line num="1" count="1" type="stmt"/>
      <line num="3" count="1" type="stmt"/>
      <line num="4" count="0" type="stmt"/>
      <line num="7" count="1" type="stmt"/>
    </file>
    <file name="App.js" path="/Users/jang-yunjeong/NotCloud/TDDRN/src/App.js">
      <metrics statements="8" coveredstatements="8" conditionals="0" coveredconditionals="0" methods="1" coveredmethods="1"/>
      <line num="1" count="1" type="stmt"/>
      <line num="9" count="1" type="stmt"/>
      <line num="10" count="1" type="stmt"/>
      <line num="11" count="1" type="stmt"/>
      <line num="12" count="1" type="stmt"/>
      <line num="14" count="1" type="stmt"/>
      <line num="15" count="1" type="stmt"/>
      <line num="24" count="1" type="stmt"/>
    </file>
    <file name="ToDoList.js" path="/Users/jang-yunjeong/NotCloud/TDDRN/src/ToDoList.js">
      <metrics statements="4" coveredstatements="3" conditionals="0" coveredconditionals="0" methods="1" coveredmethods="0"/>
      <line num="1" count="1" type="stmt"/>
      <line num="3" count="1" type="stmt"/>
      <line num="4" count="0" type="stmt"/>
      <line num="7" count="1" type="stmt"/>
    </file>
  </project>
</coverage>
