{"/Users/jang-yunjeong/NotCloud/TDDRN/src/AddToDo.js": {"path":"/Users/jang-yunjeong/NotCloud/TDDRN/src/AddToDo.js","statementMap":{"0":{"start":{"line":1,"column":42},"end":{"line":1,"column":97}},"1":{"start":{"line":1,"column":128},"end":{"line":1,"column":184}},"2":{"start":{"line":1,"column":185},"end":{"line":1,"column":247}},"3":{"start":{"line":1,"column":247},"end":{"line":1,"column":272}},"4":{"start":{"line":1,"column":294},"end":{"line":1,"column":365}},"5":{"start":{"line":1,"column":379},"end":{"line":1,"column":420}},"6":{"start":{"line":2,"column":19},"end":{"line":2,"column":42}},"7":{"start":{"line":2,"column":62},"end":{"line":2,"column":114}},"8":{"start":{"line":4,"column":14},"end":{"line":23,"column":1}},"9":{"start":{"line":4,"column":52},"end":{"line":4,"column":64}},"10":{"start":{"line":5,"column":2},"end":{"line":5,"column":26}},"11":{"start":{"line":5,"column":40},"end":{"line":5,"column":82}},"12":{"start":{"line":5,"column":90},"end":{"line":5,"column":103}},"13":{"start":{"line":5,"column":114},"end":{"line":5,"column":127}},"14":{"start":{"line":7,"column":20},"end":{"line":10,"column":3}},"15":{"start":{"line":8,"column":4},"end":{"line":8,"column":18}},"16":{"start":{"line":9,"column":4},"end":{"line":9,"column":16}},"17":{"start":{"line":12,"column":2},"end":{"line":20,"column":171}},"18":{"start":{"line":18,"column":50},"end":{"line":18,"column":72}},"19":{"start":{"line":25,"column":13},"end":{"line":43,"column":25}},"20":{"start":{"line":47,"column":0},"end":{"line":47,"column":7}},"21":{"start":{"line":47,"column":8},"end":{"line":47,"column":35}}},"fnMap":{"0":{"name":"AddToDo","decl":{"start":{"line":4,"column":23},"end":{"line":4,"column":30}},"loc":{"start":{"line":4,"column":37},"end":{"line":23,"column":1}},"line":4},"1":{"name":"handleAdded","decl":{"start":{"line":7,"column":29},"end":{"line":7,"column":40}},"loc":{"start":{"line":7,"column":43},"end":{"line":10,"column":3}},"line":7},"2":{"name":"onChangeText","decl":{"start":{"line":18,"column":29},"end":{"line":18,"column":41}},"loc":{"start":{"line":18,"column":49},"end":{"line":18,"column":73}},"line":18}},"branchMap":{},"s":{"0":2,"1":2,"2":2,"3":2,"4":2,"5":2,"6":2,"7":2,"8":2,"9":5,"10":5,"11":5,"12":5,"13":5,"14":5,"15":1,"16":1,"17":5,"18":1,"19":2,"20":2,"21":2},"f":{"0":5,"1":1,"2":1},"b":{},"_coverageSchema":"43e27e138ebf9cfc5966b082cf9a028302ed4184","hash":"e470de17da7847ef85f2dc1cd3e7606c0bf3a0d3"}
,"/Users/jang-yunjeong/NotCloud/TDDRN/src/App.js": {"path":"/Users/jang-yunjeong/NotCloud/TDDRN/src/App.js","statementMap":{"0":{"start":{"line":1,"column":42},"end":{"line":1,"column":97}},"1":{"start":{"line":1,"column":128},"end":{"line":1,"column":184}},"2":{"start":{"line":1,"column":185},"end":{"line":1,"column":247}},"3":{"start":{"line":1,"column":247},"end":{"line":1,"column":272}},"4":{"start":{"line":1,"column":295},"end":{"line":1,"column":367}},"5":{"start":{"line":1,"column":394},"end":{"line":1,"column":469}},"6":{"start":{"line":1,"column":492},"end":{"line":1,"column":563}},"7":{"start":{"line":9,"column":13},"end":{"line":9,"column":54}},"8":{"start":{"line":10,"column":19},"end":{"line":10,"column":42}},"9":{"start":{"line":11,"column":15},"end":{"line":11,"column":59}},"10":{"start":{"line":12,"column":16},"end":{"line":12,"column":61}},"11":{"start":{"line":12,"column":81},"end":{"line":12,"column":129}},"12":{"start":{"line":12,"column":183},"end":{"line":12,"column":202}},"13":{"start":{"line":12,"column":203},"end":{"line":12,"column":448}},"14":{"start":{"line":12,"column":252},"end":{"line":12,"column":288}},"15":{"start":{"line":12,"column":289},"end":{"line":12,"column":416}},"16":{"start":{"line":12,"column":309},"end":{"line":12,"column":416}},"17":{"start":{"line":12,"column":350},"end":{"line":12,"column":413}},"18":{"start":{"line":12,"column":416},"end":{"line":12,"column":447}},"19":{"start":{"line":12,"column":448},"end":{"line":12,"column":460}},"20":{"start":{"line":12,"column":493},"end":{"line":12,"column":962}},"21":{"start":{"line":12,"column":506},"end":{"line":12,"column":507}},"22":{"start":{"line":12,"column":550},"end":{"line":12,"column":590}},"23":{"start":{"line":12,"column":591},"end":{"line":12,"column":961}},"24":{"start":{"line":12,"column":603},"end":{"line":12,"column":708}},"25":{"start":{"line":12,"column":649},"end":{"line":12,"column":705}},"26":{"start":{"line":12,"column":715},"end":{"line":12,"column":961}},"27":{"start":{"line":12,"column":754},"end":{"line":12,"column":828}},"28":{"start":{"line":12,"column":836},"end":{"line":12,"column":960}},"29":{"start":{"line":12,"column":876},"end":{"line":12,"column":957}},"30":{"start":{"line":12,"column":962},"end":{"line":12,"column":976}},"31":{"start":{"line":14,"column":10},"end":{"line":46,"column":1}},"32":{"start":{"line":15,"column":2},"end":{"line":15,"column":26}},"33":{"start":{"line":15,"column":40},"end":{"line":15,"column":82}},"34":{"start":{"line":15,"column":91},"end":{"line":15,"column":104}},"35":{"start":{"line":15,"column":116},"end":{"line":15,"column":129}},"36":{"start":{"line":17,"column":16},"end":{"line":19,"column":3}},"37":{"start":{"line":18,"column":4},"end":{"line":18,"column":101}},"38":{"start":{"line":21,"column":20},"end":{"line":33,"column":3}},"39":{"start":{"line":22,"column":4},"end":{"line":31,"column":9}},"40":{"start":{"line":24,"column":6},"end":{"line":26,"column":7}},"41":{"start":{"line":25,"column":8},"end":{"line":25,"column":20}},"42":{"start":{"line":27,"column":6},"end":{"line":29,"column":38}},"43":{"start":{"line":35,"column":18},"end":{"line":37,"column":3}},"44":{"start":{"line":36,"column":4},"end":{"line":36,"column":139}},"45":{"start":{"line":39,"column":2},"end":{"line":43,"column":174}},"46":{"start":{"line":48,"column":13},"end":{"line":56,"column":27}},"47":{"start":{"line":60,"column":0},"end":{"line":60,"column":3}},"48":{"start":{"line":60,"column":4},"end":{"line":60,"column":31}}},"fnMap":{"0":{"name":"ownKeys","decl":{"start":{"line":12,"column":139},"end":{"line":12,"column":146}},"loc":{"start":{"line":12,"column":171},"end":{"line":12,"column":461}},"line":12},"1":{"name":"(anonymous_1)","decl":{"start":{"line":12,"column":334},"end":{"line":12,"column":335}},"loc":{"start":{"line":12,"column":349},"end":{"line":12,"column":414}},"line":12},"2":{"name":"_objectSpread","decl":{"start":{"line":12,"column":470},"end":{"line":12,"column":483}},"loc":{"start":{"line":12,"column":492},"end":{"line":12,"column":977}},"line":12},"3":{"name":"(anonymous_3)","decl":{"start":{"line":12,"column":633},"end":{"line":12,"column":634}},"loc":{"start":{"line":12,"column":648},"end":{"line":12,"column":706}},"line":12},"4":{"name":"(anonymous_4)","decl":{"start":{"line":12,"column":860},"end":{"line":12,"column":861}},"loc":{"start":{"line":12,"column":875},"end":{"line":12,"column":958}},"line":12},"5":{"name":"App","decl":{"start":{"line":14,"column":19},"end":{"line":14,"column":22}},"loc":{"start":{"line":14,"column":25},"end":{"line":46,"column":1}},"line":14},"6":{"name":"onAdded","decl":{"start":{"line":17,"column":25},"end":{"line":17,"column":32}},"loc":{"start":{"line":17,"column":39},"end":{"line":19,"column":3}},"line":17},"7":{"name":"onCompleted","decl":{"start":{"line":21,"column":29},"end":{"line":21,"column":40}},"loc":{"start":{"line":21,"column":48},"end":{"line":33,"column":3}},"line":21},"8":{"name":"(anonymous_8)","decl":{"start":{"line":23,"column":14},"end":{"line":23,"column":15}},"loc":{"start":{"line":23,"column":33},"end":{"line":31,"column":5}},"line":23},"9":{"name":"onDeleted","decl":{"start":{"line":35,"column":27},"end":{"line":35,"column":36}},"loc":{"start":{"line":35,"column":44},"end":{"line":37,"column":3}},"line":35}},"branchMap":{"0":{"loc":{"start":{"line":12,"column":203},"end":{"line":12,"column":448}},"type":"if","locations":[{"start":{"line":12,"column":203},"end":{"line":12,"column":448}},{"start":{"line":12,"column":203},"end":{"line":12,"column":448}}],"line":12},"1":{"loc":{"start":{"line":12,"column":289},"end":{"line":12,"column":416}},"type":"if","locations":[{"start":{"line":12,"column":289},"end":{"line":12,"column":416}},{"start":{"line":12,"column":289},"end":{"line":12,"column":416}}],"line":12},"2":{"loc":{"start":{"line":12,"column":550},"end":{"line":12,"column":590}},"type":"cond-expr","locations":[{"start":{"line":12,"column":573},"end":{"line":12,"column":585}},{"start":{"line":12,"column":588},"end":{"line":12,"column":590}}],"line":12},"3":{"loc":{"start":{"line":12,"column":591},"end":{"line":12,"column":961}},"type":"if","locations":[{"start":{"line":12,"column":591},"end":{"line":12,"column":961}},{"start":{"line":12,"column":591},"end":{"line":12,"column":961}}],"line":12},"4":{"loc":{"start":{"line":12,"column":715},"end":{"line":12,"column":961}},"type":"if","locations":[{"start":{"line":12,"column":715},"end":{"line":12,"column":961}},{"start":{"line":12,"column":715},"end":{"line":12,"column":961}}],"line":12},"5":{"loc":{"start":{"line":24,"column":6},"end":{"line":26,"column":7}},"type":"if","locations":[{"start":{"line":24,"column":6},"end":{"line":26,"column":7}},{"start":{"line":24,"column":6},"end":{"line":26,"column":7}}],"line":24}},"s":{"0":1,"1":1,"2":1,"3":1,"4":1,"5":1,"6":1,"7":1,"8":1,"9":1,"10":1,"11":1,"12":0,"13":0,"14":0,"15":0,"16":0,"17":0,"18":0,"19":0,"20":0,"21":0,"22":0,"23":0,"24":0,"25":0,"26":0,"27":0,"28":0,"29":0,"30":0,"31":1,"32":1,"33":1,"34":1,"35":1,"36":1,"37":0,"38":1,"39":0,"40":0,"41":0,"42":0,"43":1,"44":0,"45":1,"46":1,"47":1,"48":1},"f":{"0":0,"1":0,"2":0,"3":0,"4":0,"5":1,"6":0,"7":0,"8":0,"9":0},"b":{"0":[0,0],"1":[0,0],"2":[0,0],"3":[0,0],"4":[0,0],"5":[0,0]},"_coverageSchema":"43e27e138ebf9cfc5966b082cf9a028302ed4184","hash":"c7135112a8c78a296447742e90ca13f1070d81c7"}
,"/Users/jang-yunjeong/NotCloud/TDDRN/src/ToDoItem.js": {"path":"/Users/jang-yunjeong/NotCloud/TDDRN/src/ToDoItem.js","statementMap":{"0":{"start":{"line":1,"column":42},"end":{"line":1,"column":97}},"1":{"start":{"line":1,"column":98},"end":{"line":1,"column":160}},"2":{"start":{"line":1,"column":160},"end":{"line":1,"column":202}},"3":{"start":{"line":1,"column":215},"end":{"line":1,"column":255}},"4":{"start":{"line":2,"column":19},"end":{"line":2,"column":42}},"5":{"start":{"line":3,"column":30},"end":{"line":3,"column":113}},"6":{"start":{"line":3,"column":133},"end":{"line":3,"column":186}},"7":{"start":{"line":5,"column":15},"end":{"line":30,"column":1}},"8":{"start":{"line":5,"column":51},"end":{"line":5,"column":60}},"9":{"start":{"line":5,"column":69},"end":{"line":5,"column":79}},"10":{"start":{"line":5,"column":94},"end":{"line":5,"column":110}},"11":{"start":{"line":5,"column":123},"end":{"line":5,"column":137}},"12":{"start":{"line":6,"column":2},"end":{"line":26,"column":120}},"13":{"start":{"line":11,"column":35},"end":{"line":11,"column":61}},"14":{"start":{"line":26,"column":35},"end":{"line":26,"column":59}},"15":{"start":{"line":32,"column":13},"end":{"line":47,"column":23}},"16":{"start":{"line":47,"column":24},"end":{"line":47,"column":48}},"17":{"start":{"line":51,"column":0},"end":{"line":51,"column":8}},"18":{"start":{"line":51,"column":9},"end":{"line":51,"column":36}}},"fnMap":{"0":{"name":"ToDoItem","decl":{"start":{"line":5,"column":24},"end":{"line":5,"column":32}},"loc":{"start":{"line":5,"column":39},"end":{"line":30,"column":1}},"line":5},"1":{"name":"onPress","decl":{"start":{"line":11,"column":24},"end":{"line":11,"column":31}},"loc":{"start":{"line":11,"column":34},"end":{"line":11,"column":62}},"line":11},"2":{"name":"onPress","decl":{"start":{"line":26,"column":24},"end":{"line":26,"column":31}},"loc":{"start":{"line":26,"column":34},"end":{"line":26,"column":60}},"line":26}},"branchMap":{"0":{"loc":{"start":{"line":12,"column":4},"end":{"line":15,"column":177}},"type":"cond-expr","locations":[{"start":{"line":13,"column":4},"end":{"line":13,"column":177}},{"start":{"line":15,"column":4},"end":{"line":15,"column":177}}],"line":12},"1":{"loc":{"start":{"line":20,"column":14},"end":{"line":20,"column":58}},"type":"cond-expr","locations":[{"start":{"line":20,"column":31},"end":{"line":20,"column":42}},{"start":{"line":20,"column":45},"end":{"line":20,"column":58}}],"line":20}},"s":{"0":3,"1":3,"2":3,"3":3,"4":3,"5":3,"6":3,"7":3,"8":8,"9":8,"10":8,"11":8,"12":8,"13":1,"14":0,"15":3,"16":3,"17":3,"18":3},"f":{"0":8,"1":1,"2":0},"b":{"0":[1,7],"1":[1,7]},"_coverageSchema":"43e27e138ebf9cfc5966b082cf9a028302ed4184","hash":"ed69ed1a5c42c66b750bf34f1703fc5643b2fd44"}
,"/Users/jang-yunjeong/NotCloud/TDDRN/src/ToDoList.js": {"path":"/Users/jang-yunjeong/NotCloud/TDDRN/src/ToDoList.js","statementMap":{"0":{"start":{"line":1,"column":42},"end":{"line":1,"column":97}},"1":{"start":{"line":1,"column":98},"end":{"line":1,"column":160}},"2":{"start":{"line":1,"column":160},"end":{"line":1,"column":185}},"3":{"start":{"line":1,"column":198},"end":{"line":1,"column":238}},"4":{"start":{"line":2,"column":19},"end":{"line":2,"column":42}},"5":{"start":{"line":3,"column":16},"end":{"line":3,"column":61}},"6":{"start":{"line":3,"column":74},"end":{"line":3,"column":78}},"7":{"start":{"line":3,"column":94},"end":{"line":3,"column":147}},"8":{"start":{"line":5,"column":15},"end":{"line":30,"column":1}},"9":{"start":{"line":5,"column":52},"end":{"line":5,"column":62}},"10":{"start":{"line":5,"column":77},"end":{"line":5,"column":93}},"11":{"start":{"line":5,"column":106},"end":{"line":5,"column":120}},"12":{"start":{"line":6,"column":19},"end":{"line":15,"column":3}},"13":{"start":{"line":6,"column":58},"end":{"line":6,"column":68}},"14":{"start":{"line":6,"column":77},"end":{"line":6,"column":88}},"15":{"start":{"line":7,"column":4},"end":{"line":12,"column":86}},"16":{"start":{"line":17,"column":21},"end":{"line":19,"column":3}},"17":{"start":{"line":18,"column":4},"end":{"line":18,"column":28}},"18":{"start":{"line":21,"column":2},"end":{"line":27,"column":87}},"19":{"start":{"line":32,"column":0},"end":{"line":32,"column":8}},"20":{"start":{"line":32,"column":9},"end":{"line":32,"column":36}}},"fnMap":{"0":{"name":"ToDoList","decl":{"start":{"line":5,"column":24},"end":{"line":5,"column":32}},"loc":{"start":{"line":5,"column":39},"end":{"line":30,"column":1}},"line":5},"1":{"name":"renderItem","decl":{"start":{"line":6,"column":28},"end":{"line":6,"column":38}},"loc":{"start":{"line":6,"column":46},"end":{"line":15,"column":3}},"line":6},"2":{"name":"keyExtractor","decl":{"start":{"line":17,"column":30},"end":{"line":17,"column":42}},"loc":{"start":{"line":17,"column":56},"end":{"line":19,"column":3}},"line":17}},"branchMap":{},"s":{"0":2,"1":2,"2":2,"3":2,"4":2,"5":2,"6":2,"7":2,"8":2,"9":2,"10":2,"11":2,"12":2,"13":0,"14":0,"15":0,"16":2,"17":0,"18":2,"19":2,"20":2},"f":{"0":2,"1":0,"2":0},"b":{},"_coverageSchema":"43e27e138ebf9cfc5966b082cf9a028302ed4184","hash":"2e33b2281ff6533b01b275a56be9803358e0991a"}
}
