{"/Users/jang-yunjeong/NotCloud/TDDRN/src/AddToDo.js": {"path":"/Users/jang-yunjeong/NotCloud/TDDRN/src/AddToDo.js","statementMap":{"0":{"start":{"line":1,"column":42},"end":{"line":1,"column":97}},"1":{"start":{"line":1,"column":128},"end":{"line":1,"column":184}},"2":{"start":{"line":1,"column":185},"end":{"line":1,"column":247}},"3":{"start":{"line":1,"column":247},"end":{"line":1,"column":272}},"4":{"start":{"line":1,"column":294},"end":{"line":1,"column":365}},"5":{"start":{"line":1,"column":379},"end":{"line":1,"column":420}},"6":{"start":{"line":2,"column":19},"end":{"line":2,"column":42}},"7":{"start":{"line":2,"column":62},"end":{"line":2,"column":114}},"8":{"start":{"line":4,"column":14},"end":{"line":13,"column":1}},"9":{"start":{"line":4,"column":52},"end":{"line":4,"column":64}},"10":{"start":{"line":5,"column":2},"end":{"line":5,"column":26}},"11":{"start":{"line":5,"column":40},"end":{"line":5,"column":82}},"12":{"start":{"line":5,"column":90},"end":{"line":5,"column":103}},"13":{"start":{"line":5,"column":114},"end":{"line":5,"column":127}},"14":{"start":{"line":7,"column":2},"end":{"line":10,"column":167}},"15":{"start":{"line":9,"column":103},"end":{"line":9,"column":125}},"16":{"start":{"line":10,"column":85},"end":{"line":10,"column":106}},"17":{"start":{"line":15,"column":0},"end":{"line":15,"column":7}},"18":{"start":{"line":15,"column":8},"end":{"line":15,"column":35}}},"fnMap":{"0":{"name":"AddToDo","decl":{"start":{"line":4,"column":23},"end":{"line":4,"column":30}},"loc":{"start":{"line":4,"column":37},"end":{"line":13,"column":1}},"line":4},"1":{"name":"onChangeText","decl":{"start":{"line":9,"column":82},"end":{"line":9,"column":94}},"loc":{"start":{"line":9,"column":102},"end":{"line":9,"column":126}},"line":9},"2":{"name":"onPress","decl":{"start":{"line":10,"column":74},"end":{"line":10,"column":81}},"loc":{"start":{"line":10,"column":84},"end":{"line":10,"column":107}},"line":10}},"branchMap":{},"s":{"0":2,"1":2,"2":2,"3":2,"4":2,"5":2,"6":2,"7":2,"8":2,"9":4,"10":4,"11":4,"12":4,"13":4,"14":4,"15":1,"16":1,"17":2,"18":2},"f":{"0":4,"1":1,"2":1},"b":{},"_coverageSchema":"43e27e138ebf9cfc5966b082cf9a028302ed4184","hash":"316356907c8bceabd86b6c9ce978d7671e545c3b"}
,"/Users/jang-yunjeong/NotCloud/TDDRN/src/App.js": {"path":"/Users/jang-yunjeong/NotCloud/TDDRN/src/App.js","statementMap":{"0":{"start":{"line":1,"column":42},"end":{"line":1,"column":97}},"1":{"start":{"line":1,"column":98},"end":{"line":1,"column":160}},"2":{"start":{"line":1,"column":160},"end":{"line":1,"column":185}},"3":{"start":{"line":9,"column":13},"end":{"line":9,"column":53}},"4":{"start":{"line":10,"column":19},"end":{"line":10,"column":42}},"5":{"start":{"line":11,"column":15},"end":{"line":11,"column":59}},"6":{"start":{"line":12,"column":16},"end":{"line":12,"column":61}},"7":{"start":{"line":12,"column":81},"end":{"line":12,"column":129}},"8":{"start":{"line":14,"column":10},"end":{"line":22,"column":1}},"9":{"start":{"line":15,"column":2},"end":{"line":19,"column":112}},"10":{"start":{"line":24,"column":0},"end":{"line":24,"column":3}},"11":{"start":{"line":24,"column":4},"end":{"line":24,"column":31}}},"fnMap":{"0":{"name":"App","decl":{"start":{"line":14,"column":19},"end":{"line":14,"column":22}},"loc":{"start":{"line":14,"column":25},"end":{"line":22,"column":1}},"line":14}},"branchMap":{},"s":{"0":1,"1":1,"2":1,"3":1,"4":1,"5":1,"6":1,"7":1,"8":1,"9":1,"10":1,"11":1},"f":{"0":1},"b":{},"_coverageSchema":"43e27e138ebf9cfc5966b082cf9a028302ed4184","hash":"9f9a8bb39fb7e821ecccf9e54de68e2df5a8e8bf"}
,"/Users/jang-yunjeong/NotCloud/TDDRN/src/ToDoItem.js": {"path":"/Users/jang-yunjeong/NotCloud/TDDRN/src/ToDoItem.js","statementMap":{"0":{"start":{"line":1,"column":42},"end":{"line":1,"column":97}},"1":{"start":{"line":1,"column":98},"end":{"line":1,"column":160}},"2":{"start":{"line":1,"column":160},"end":{"line":1,"column":202}},"3":{"start":{"line":1,"column":215},"end":{"line":1,"column":255}},"4":{"start":{"line":2,"column":19},"end":{"line":2,"column":42}},"5":{"start":{"line":2,"column":62},"end":{"line":2,"column":115}},"6":{"start":{"line":4,"column":13},"end":{"line":9,"column":34}},"7":{"start":{"line":9,"column":35},"end":{"line":9,"column":59}},"8":{"start":{"line":13,"column":15},"end":{"line":21,"column":1}},"9":{"start":{"line":13,"column":51},"end":{"line":13,"column":60}},"10":{"start":{"line":13,"column":69},"end":{"line":13,"column":79}},"11":{"start":{"line":13,"column":94},"end":{"line":13,"column":110}},"12":{"start":{"line":13,"column":123},"end":{"line":13,"column":137}},"13":{"start":{"line":14,"column":2},"end":{"line":18,"column":187}},"14":{"start":{"line":17,"column":104},"end":{"line":17,"column":130}},"15":{"start":{"line":18,"column":102},"end":{"line":18,"column":126}},"16":{"start":{"line":23,"column":0},"end":{"line":23,"column":8}},"17":{"start":{"line":23,"column":9},"end":{"line":23,"column":36}}},"fnMap":{"0":{"name":"ToDoItem","decl":{"start":{"line":13,"column":24},"end":{"line":13,"column":32}},"loc":{"start":{"line":13,"column":39},"end":{"line":21,"column":1}},"line":13},"1":{"name":"onPress","decl":{"start":{"line":17,"column":93},"end":{"line":17,"column":100}},"loc":{"start":{"line":17,"column":103},"end":{"line":17,"column":131}},"line":17},"2":{"name":"onPress","decl":{"start":{"line":18,"column":91},"end":{"line":18,"column":98}},"loc":{"start":{"line":18,"column":101},"end":{"line":18,"column":127}},"line":18}},"branchMap":{"0":{"loc":{"start":{"line":15,"column":61},"end":{"line":15,"column":111}},"type":"cond-expr","locations":[{"start":{"line":15,"column":78},"end":{"line":15,"column":94}},{"start":{"line":15,"column":97},"end":{"line":15,"column":111}}],"line":15}},"s":{"0":1,"1":1,"2":1,"3":1,"4":1,"5":1,"6":1,"7":1,"8":1,"9":9,"10":9,"11":9,"12":9,"13":9,"14":1,"15":1,"16":1,"17":1},"f":{"0":9,"1":1,"2":1},"b":{"0":[2,7]},"_coverageSchema":"43e27e138ebf9cfc5966b082cf9a028302ed4184","hash":"bab00447914c12b9f5c0781b8c57051492ee88da"}
,"/Users/jang-yunjeong/NotCloud/TDDRN/src/ToDoList.js": {"path":"/Users/jang-yunjeong/NotCloud/TDDRN/src/ToDoList.js","statementMap":{"0":{"start":{"line":1,"column":42},"end":{"line":1,"column":97}},"1":{"start":{"line":1,"column":98},"end":{"line":1,"column":160}},"2":{"start":{"line":1,"column":160},"end":{"line":1,"column":185}},"3":{"start":{"line":1,"column":198},"end":{"line":1,"column":238}},"4":{"start":{"line":2,"column":19},"end":{"line":2,"column":42}},"5":{"start":{"line":2,"column":62},"end":{"line":2,"column":115}},"6":{"start":{"line":4,"column":15},"end":{"line":6,"column":1}},"7":{"start":{"line":4,"column":52},"end":{"line":4,"column":62}},"8":{"start":{"line":5,"column":2},"end":{"line":5,"column":131}},"9":{"start":{"line":8,"column":0},"end":{"line":8,"column":8}},"10":{"start":{"line":8,"column":9},"end":{"line":8,"column":36}}},"fnMap":{"0":{"name":"ToDoList","decl":{"start":{"line":4,"column":24},"end":{"line":4,"column":32}},"loc":{"start":{"line":4,"column":39},"end":{"line":6,"column":1}},"line":4}},"branchMap":{},"s":{"0":2,"1":2,"2":2,"3":2,"4":2,"5":2,"6":2,"7":2,"8":2,"9":2,"10":2},"f":{"0":2},"b":{},"_coverageSchema":"43e27e138ebf9cfc5966b082cf9a028302ed4184","hash":"87ebf5193ae8be8ea2c191cf476f55381736d2f5"}
}
