TN:
SF:/Users/jang-yunjeong/NotCloud/TDDRN/src/AddToDo.js
FN:4,AddToDo
FN:7,handleAdded
FN:18,onChangeText
FNF:3
FNH:3
FNDA:5,AddToDo
FNDA:1,handleAdded
FNDA:1,onChangeText
DA:1,2
DA:2,2
DA:4,5
DA:5,5
DA:7,5
DA:8,1
DA:9,1
DA:12,5
DA:18,1
DA:25,2
DA:47,2
LF:11
LH:11
BRF:0
BRH:0
end_of_record
TN:
SF:/Users/jang-yunjeong/NotCloud/TDDRN/src/App.js
FN:12,ownKeys
FN:12,(anonymous_1)
FN:12,_objectSpread
FN:12,(anonymous_3)
FN:12,(anonymous_4)
FN:14,App
FN:17,onAdded
FN:21,onCompleted
FN:23,(anonymous_8)
FN:35,onDeleted
FNF:10
FNH:1
FNDA:0,ownKeys
FNDA:0,(anonymous_1)
FNDA:0,_objectSpread
FNDA:0,(anonymous_3)
FNDA:0,(anonymous_4)
FNDA:1,App
FNDA:0,onAdded
FNDA:0,onCompleted
FNDA:0,(anonymous_8)
FNDA:0,onDeleted
DA:1,1
DA:9,1
DA:10,1
DA:11,1
DA:12,1
DA:14,1
DA:15,1
DA:17,1
DA:18,0
DA:21,1
DA:22,0
DA:24,0
DA:25,0
DA:27,0
DA:35,1
DA:36,0
DA:39,1
DA:48,1
DA:60,1
LF:19
LH:13
BRDA:12,0,0,0
BRDA:12,0,1,0
BRDA:12,1,0,0
BRDA:12,1,1,0
BRDA:12,2,0,0
BRDA:12,2,1,0
BRDA:12,3,0,0
BRDA:12,3,1,0
BRDA:12,4,0,0
BRDA:12,4,1,0
BRDA:24,5,0,0
BRDA:24,5,1,0
BRF:12
BRH:0
end_of_record
TN:
SF:/Users/jang-yunjeong/NotCloud/TDDRN/src/ToDoItem.js
FN:5,ToDoItem
FN:11,onPress
FN:26,onPress
FNF:3
FNH:2
FNDA:8,ToDoItem
FNDA:1,onPress
FNDA:0,onPress
DA:1,3
DA:2,3
DA:3,3
DA:5,8
DA:6,8
DA:11,1
DA:26,0
DA:32,3
DA:47,3
DA:51,3
LF:10
LH:9
BRDA:12,0,0,1
BRDA:12,0,1,7
BRDA:20,1,0,1
BRDA:20,1,1,7
BRF:4
BRH:4
end_of_record
TN:
SF:/Users/jang-yunjeong/NotCloud/TDDRN/src/ToDoList.js
FN:5,ToDoList
FN:6,renderItem
FN:17,keyExtractor
FNF:3
FNH:1
FNDA:2,ToDoList
FNDA:0,renderItem
FNDA:0,keyExtractor
DA:1,2
DA:2,2
DA:3,2
DA:5,2
DA:6,2
DA:7,0
DA:17,2
DA:18,0
DA:21,2
DA:32,2
LF:10
LH:8
BRF:0
BRH:0
end_of_record
