TN:
SF:/Users/jang-yunjeong/NotCloud/TDDRN/src/AddToDo.js
FN:3,AddToDo
FNF:1
FNH:0
FNDA:0,AddToDo
DA:1,1
DA:3,1
DA:4,0
DA:7,1
LF:4
LH:3
BRF:0
BRH:0
end_of_record
TN:
SF:/Users/jang-yunjeong/NotCloud/TDDRN/src/App.js
FN:14,App
FNF:1
FNH:1
FNDA:1,App
DA:1,1
DA:9,1
DA:10,1
DA:11,1
DA:12,1
DA:14,1
DA:15,1
DA:24,1
LF:8
LH:8
BRF:0
BRH:0
end_of_record
TN:
SF:/Users/jang-yunjeong/NotCloud/TDDRN/src/ToDoList.js
FN:3,ToDoList
FNF:1
FNH:0
FNDA:0,ToDoList
DA:1,1
DA:3,1
DA:4,0
DA:7,1
LF:4
LH:3
BRF:0
BRH:0
end_of_record
